<!DOCTYPE html>

<html>
  <head>
  <meta charset='utf-8'>
  <title>TestNG reports</title>

    <link type="text/css" href="testng-reports.css" rel="stylesheet" />  
    <script type="text/javascript" src="jquery-1.7.1.min.js"></script>
    <script type="text/javascript" src="testng-reports.js"></script>
    <script type="text/javascript" src="https://www.google.com/jsapi"></script>
    <script type='text/javascript'>
      google.load('visualization', '1', {packages:['table']});
      google.setOnLoadCallback(drawTable);
      var suiteTableInitFunctions = new Array();
      var suiteTableData = new Array();
    </script>
    <!--
      <script type="text/javascript" src="jquery-ui/js/jquery-ui-1.8.16.custom.min.js"></script>
     -->
  </head>

  <body>
    <div class="top-banner-root">
      <span class="top-banner-title-font">Test results</span>
      <br/>
      <span class="top-banner-font-1">1 suite</span>
    </div> <!-- top-banner-root -->
    <div class="navigator-root">
      <div class="navigator-suite-header">
        <span>All suites</span>
        <a href="#" title="Collapse/expand all the suites" class="collapse-all-link">
          <img src="collapseall.gif" class="collapse-all-icon">
          </img> <!-- collapse-all-icon -->
        </a> <!-- collapse-all-link -->
      </div> <!-- navigator-suite-header -->
      <div class="suite">
        <div class="rounded-window">
          <div class="suite-header light-rounded-window-top">
            <a href="#" panel-name="suite-BillingProjectTestCases" class="navigator-link">
              <span class="suite-name border-skipped">BillingProjectTestCases</span>
            </a> <!-- navigator-link -->
          </div> <!-- suite-header light-rounded-window-top -->
          <div class="navigator-suite-content">
            <div class="suite-section-title">
              <span>Info</span>
            </div> <!-- suite-section-title -->
            <div class="suite-section-content">
              <ul>
                <li>
                  <a href="#" panel-name="test-xml-BillingProjectTestCases" class="navigator-link ">
                    <span>testng.xml</span>
                  </a> <!-- navigator-link  -->
                </li>
                <li>
                  <a href="#" panel-name="testlist-BillingProjectTestCases" class="navigator-link ">
                    <span class="test-stats">2 tests</span>
                  </a> <!-- navigator-link  -->
                </li>
                <li>
                  <a href="#" panel-name="group-BillingProjectTestCases" class="navigator-link ">
                    <span>0 groups</span>
                  </a> <!-- navigator-link  -->
                </li>
                <li>
                  <a href="#" panel-name="times-BillingProjectTestCases" class="navigator-link ">
                    <span>Times</span>
                  </a> <!-- navigator-link  -->
                </li>
                <li>
                  <a href="#" panel-name="reporter-BillingProjectTestCases" class="navigator-link ">
                    <span>Reporter output</span>
                  </a> <!-- navigator-link  -->
                </li>
                <li>
                  <a href="#" panel-name="ignored-methods-BillingProjectTestCases" class="navigator-link ">
                    <span>Ignored methods</span>
                  </a> <!-- navigator-link  -->
                </li>
                <li>
                  <a href="#" panel-name="chronological-BillingProjectTestCases" class="navigator-link ">
                    <span>Chronological view</span>
                  </a> <!-- navigator-link  -->
                </li>
              </ul>
            </div> <!-- suite-section-content -->
            <div class="result-section">
              <div class="suite-section-title">
                <span>Results</span>
              </div> <!-- suite-section-title -->
              <div class="suite-section-content">
                <ul>
                  <li>
                    <span class="method-stats">2 methods,  2 skipped,  </span>
                  </li>
                  <li>
                    <span class="method-list-title skipped">Skipped methods</span>
                    <span class="show-or-hide-methods skipped">
                      <a href="#" panel-name="suite-BillingProjectTestCases" class="hide-methods skipped suite-BillingProjectTestCases"> (hide)</a> <!-- hide-methods skipped suite-BillingProjectTestCases -->
                      <a href="#" panel-name="suite-BillingProjectTestCases" class="show-methods skipped suite-BillingProjectTestCases"> (show)</a> <!-- show-methods skipped suite-BillingProjectTestCases -->
                    </span>
                    <div class="method-list-content skipped suite-BillingProjectTestCases">
                      <span>
                        <img src="skipped.png" width="3%"/>
                        <a href="#" panel-name="suite-BillingProjectTestCases" title="Test.CreateInvoiceTest" class="method navigator-link" hash-for-method="maintest(test jp, Due Upon Receipt, Credit card, test, PJ2208-0012, FCA, don&#039;t know what an incoterm is!, cra...)">maintest(test jp, Due Upon Receipt, Credit card, test, PJ2208-0012, FCA, don't know what an incoterm is!, cra...)</a> <!-- method navigator-link -->
                      </span>
                      <br/>
                      <span>
                        <img src="skipped.png" width="3%"/>
                        <a href="#" panel-name="suite-BillingProjectTestCases" title="Test.VerifyInvoiceTest" class="method navigator-link" hash-for-method="maintest(test jp, Due Upon Receipt, Credit card, test, PJ2208-0012, FCA, don&#039;t know what an incoterm is!, cra...)">maintest(test jp, Due Upon Receipt, Credit card, test, PJ2208-0012, FCA, don't know what an incoterm is!, cra...)</a> <!-- method navigator-link -->
                      </span>
                      <br/>
                    </div> <!-- method-list-content skipped suite-BillingProjectTestCases -->
                  </li>
                </ul>
              </div> <!-- suite-section-content -->
            </div> <!-- result-section -->
          </div> <!-- navigator-suite-content -->
        </div> <!-- rounded-window -->
      </div> <!-- suite -->
    </div> <!-- navigator-root -->
    <div class="wrapper">
      <div class="main-panel-root">
        <div panel-name="suite-BillingProjectTestCases" class="panel BillingProjectTestCases">
          <div class="suite-BillingProjectTestCases-class-skipped">
            <div class="main-panel-header rounded-window-top">
              <img src="skipped.png"/>
              <span class="class-name">Test.CreateInvoiceTest</span>
            </div> <!-- main-panel-header rounded-window-top -->
            <div class="main-panel-content rounded-window-bottom">
              <div class="method">
                <div class="method-content">
                  <a name="maintest(test jp, Due Upon Receipt, Credit card, test, PJ2208-0012, FCA, don&#039;t know what an incoterm is!, cra...)">
                  </a> <!-- maintest(test jp, Due Upon Receipt, Credit card, test, PJ2208-0012, FCA, don't know what an incoterm is!, cra...) -->
                  <span class="method-name">maintest</span>
                  <span class="parameters">(test jp, Due Upon Receipt, Credit card, test, PJ2208-0012, FCA, don't know what an incoterm is!, crabe, US Dollars, NO NOTES FOR PUBLIC, NO NOTES FOR PRIVATE, (PROV6027))</span>
                  <div class="stack-trace">org.openqa.selenium.NoSuchElementException: no such element: Unable to locate element: {&quot;method&quot;:&quot;xpath&quot;,&quot;selector&quot;:&quot;//input[@class=&apos;button&apos;]&quot;}
  (Session info: chrome=136.0.7103.93)
For documentation on this error, please visit: http://seleniumhq.org/exceptions/no_such_element.html
Build info: version: &apos;3.14.0&apos;, revision: &apos;aacccce0&apos;, time: &apos;2018-08-02T20:19:58.91Z&apos;
System info: host: &apos;matas.local&apos;, ip: &apos;2600:8802:3700:8350:0:0:0:99d2%en0&apos;, os.name: &apos;Mac OS X&apos;, os.arch: &apos;x86_64&apos;, os.version: &apos;11.5&apos;, java.version: &apos;16.0.2&apos;
Driver info: org.openqa.selenium.chrome.ChromeDriver
Capabilities {acceptInsecureCerts: false, browserName: chrome, browserVersion: 136.0.7103.93, chrome: {chromedriverVersion: 136.0.7103.49 (031848bc6ad0..., userDataDir: /var/folders/ws/04465hk57vd...}, fedcm:accounts: true, goog:chromeOptions: {debuggerAddress: localhost:55890}, javascriptEnabled: true, networkConnectionEnabled: false, pageLoadStrategy: normal, platform: MAC, platformName: MAC, proxy: Proxy(), setWindowRect: true, strictFileInteractability: false, timeouts: {implicit: 0, pageLoad: 300000, script: 30000}, unhandledPromptBehavior: dismiss and notify, webauthn:extension:credBlob: true, webauthn:extension:largeBlob: true, webauthn:extension:minPinLength: true, webauthn:extension:prf: true, webauthn:virtualAuthenticators: true}
Session ID: a70b813c831150330f2889b21589dd83
*** Element info: {Using=xpath, value=//input[@class=&apos;button&apos;]}
	at org.openqa.selenium.remote.http.W3CHttpResponseCodec.createException(W3CHttpResponseCodec.java:187)
	at org.openqa.selenium.remote.http.W3CHttpResponseCodec.decode(W3CHttpResponseCodec.java:122)
	at org.openqa.selenium.remote.http.W3CHttpResponseCodec.decode(W3CHttpResponseCodec.java:49)
	at org.openqa.selenium.remote.HttpCommandExecutor.execute(HttpCommandExecutor.java:158)
	at org.openqa.selenium.remote.service.DriverCommandExecutor.execute(DriverCommandExecutor.java:83)
	at org.openqa.selenium.remote.RemoteWebDriver.execute(RemoteWebDriver.java:548)
	at org.openqa.selenium.remote.RemoteWebDriver.findElement(RemoteWebDriver.java:322)
	at org.openqa.selenium.remote.RemoteWebDriver.findElementByXPath(RemoteWebDriver.java:424)
	at org.openqa.selenium.By$ByXPath.findElement(By.java:353)
	at org.openqa.selenium.remote.RemoteWebDriver.findElement(RemoteWebDriver.java:314)
	at Test.BaseTest.logIn(BaseTest.java:159)
... Removed 32 stack frames
</div> <!-- stack-trace -->
                </div> <!-- method-content -->
              </div> <!-- method -->
            </div> <!-- main-panel-content rounded-window-bottom -->
          </div> <!-- suite-BillingProjectTestCases-class-skipped -->
          <div class="suite-BillingProjectTestCases-class-skipped">
            <div class="main-panel-header rounded-window-top">
              <img src="skipped.png"/>
              <span class="class-name">Test.VerifyInvoiceTest</span>
            </div> <!-- main-panel-header rounded-window-top -->
            <div class="main-panel-content rounded-window-bottom">
              <div class="method">
                <div class="method-content">
                  <a name="maintest(test jp, Due Upon Receipt, Credit card, test, PJ2208-0012, FCA, don&#039;t know what an incoterm is!, cra...)">
                  </a> <!-- maintest(test jp, Due Upon Receipt, Credit card, test, PJ2208-0012, FCA, don't know what an incoterm is!, cra...) -->
                  <span class="method-name">maintest</span>
                  <span class="parameters">(test jp, Due Upon Receipt, Credit card, test, PJ2208-0012, FCA, don't know what an incoterm is!, crabe, US Dollars, NO NOTES FOR PUBLIC, NO NOTES FOR PRIVATE, (PROV6027))</span>
                  <div class="stack-trace">org.openqa.selenium.NoSuchElementException: no such element: Unable to locate element: {&quot;method&quot;:&quot;xpath&quot;,&quot;selector&quot;:&quot;//div[text()=&apos;Company manufacturing products&apos;]&quot;}
  (Session info: chrome=136.0.7103.93)
For documentation on this error, please visit: http://seleniumhq.org/exceptions/no_such_element.html
Build info: version: &apos;3.14.0&apos;, revision: &apos;aacccce0&apos;, time: &apos;2018-08-02T20:19:58.91Z&apos;
System info: host: &apos;matas.local&apos;, ip: &apos;2600:8802:3700:8350:0:0:0:99d2%en0&apos;, os.name: &apos;Mac OS X&apos;, os.arch: &apos;x86_64&apos;, os.version: &apos;11.5&apos;, java.version: &apos;16.0.2&apos;
Driver info: org.openqa.selenium.chrome.ChromeDriver
Capabilities {acceptInsecureCerts: false, browserName: chrome, browserVersion: 136.0.7103.93, chrome: {chromedriverVersion: 136.0.7103.49 (031848bc6ad0..., userDataDir: /var/folders/ws/04465hk57vd...}, fedcm:accounts: true, goog:chromeOptions: {debuggerAddress: localhost:55890}, javascriptEnabled: true, networkConnectionEnabled: false, pageLoadStrategy: normal, platform: MAC, platformName: MAC, proxy: Proxy(), setWindowRect: true, strictFileInteractability: false, timeouts: {implicit: 0, pageLoad: 300000, script: 30000}, unhandledPromptBehavior: dismiss and notify, webauthn:extension:credBlob: true, webauthn:extension:largeBlob: true, webauthn:extension:minPinLength: true, webauthn:extension:prf: true, webauthn:virtualAuthenticators: true}
Session ID: a70b813c831150330f2889b21589dd83
*** Element info: {Using=xpath, value=//div[text()=&apos;Company manufacturing products&apos;]}
	at org.openqa.selenium.remote.http.W3CHttpResponseCodec.createException(W3CHttpResponseCodec.java:187)
	at org.openqa.selenium.remote.http.W3CHttpResponseCodec.decode(W3CHttpResponseCodec.java:122)
	at org.openqa.selenium.remote.http.W3CHttpResponseCodec.decode(W3CHttpResponseCodec.java:49)
	at org.openqa.selenium.remote.HttpCommandExecutor.execute(HttpCommandExecutor.java:158)
	at org.openqa.selenium.remote.service.DriverCommandExecutor.execute(DriverCommandExecutor.java:83)
	at org.openqa.selenium.remote.RemoteWebDriver.execute(RemoteWebDriver.java:548)
	at org.openqa.selenium.remote.RemoteWebDriver.findElement(RemoteWebDriver.java:322)
	at org.openqa.selenium.remote.RemoteWebDriver.findElementByXPath(RemoteWebDriver.java:424)
	at org.openqa.selenium.By$ByXPath.findElement(By.java:353)
	at org.openqa.selenium.remote.RemoteWebDriver.findElement(RemoteWebDriver.java:314)
	at Test.BaseTest.logIn(BaseTest.java:137)
... Removed 32 stack frames
</div> <!-- stack-trace -->
                </div> <!-- method-content -->
              </div> <!-- method -->
            </div> <!-- main-panel-content rounded-window-bottom -->
          </div> <!-- suite-BillingProjectTestCases-class-skipped -->
        </div> <!-- panel BillingProjectTestCases -->
        <div panel-name="test-xml-BillingProjectTestCases" class="panel">
          <div class="main-panel-header rounded-window-top">
            <span class="header-content">/Users/matas/Desktop/Using Eclipse for Selenium Testing Example/BillingProjectPOM/testng.xml</span>
          </div> <!-- main-panel-header rounded-window-top -->
          <div class="main-panel-content rounded-window-bottom">
            <pre>
&lt;?xml version=&quot;1.0&quot; encoding=&quot;UTF-8&quot;?&gt;
&lt;!DOCTYPE suite SYSTEM &quot;http://testng.org/testng-1.0.dtd&quot;&gt;
&lt;suite name=&quot;BillingProjectTestCases&quot; guice-stage=&quot;DEVELOPMENT&quot;&gt;
  &lt;test name=&quot;ToCreateInvoice&quot;&gt;
    &lt;classes&gt;
      &lt;class name=&quot;Test.CreateInvoiceTest&quot;/&gt;
    &lt;/classes&gt;
  &lt;/test&gt; &lt;!-- ToCreateInvoice --&gt;
  &lt;test name=&quot;ToVerifyInvoice&quot;&gt;
    &lt;classes&gt;
      &lt;class name=&quot;Test.VerifyInvoiceTest&quot;/&gt;
    &lt;/classes&gt;
  &lt;/test&gt; &lt;!-- ToVerifyInvoice --&gt;
&lt;/suite&gt; &lt;!-- BillingProjectTestCases --&gt;
            </pre>
          </div> <!-- main-panel-content rounded-window-bottom -->
        </div> <!-- panel -->
        <div panel-name="testlist-BillingProjectTestCases" class="panel">
          <div class="main-panel-header rounded-window-top">
            <span class="header-content">Tests for BillingProjectTestCases</span>
          </div> <!-- main-panel-header rounded-window-top -->
          <div class="main-panel-content rounded-window-bottom">
            <ul>
              <li>
                <span class="test-name">ToCreateInvoice (1 class)</span>
              </li>
              <li>
                <span class="test-name">ToVerifyInvoice (1 class)</span>
              </li>
            </ul>
          </div> <!-- main-panel-content rounded-window-bottom -->
        </div> <!-- panel -->
        <div panel-name="group-BillingProjectTestCases" class="panel">
          <div class="main-panel-header rounded-window-top">
            <span class="header-content">Groups for BillingProjectTestCases</span>
          </div> <!-- main-panel-header rounded-window-top -->
          <div class="main-panel-content rounded-window-bottom">
          </div> <!-- main-panel-content rounded-window-bottom -->
        </div> <!-- panel -->
        <div panel-name="times-BillingProjectTestCases" class="panel">
          <div class="main-panel-header rounded-window-top">
            <span class="header-content">Times for BillingProjectTestCases</span>
          </div> <!-- main-panel-header rounded-window-top -->
          <div class="main-panel-content rounded-window-bottom">
            <div class="times-div">
              <script type="text/javascript">
suiteTableInitFunctions.push('tableData_BillingProjectTestCases');
function tableData_BillingProjectTestCases() {
var data = new google.visualization.DataTable();
data.addColumn('number', 'Number');
data.addColumn('string', 'Method');
data.addColumn('string', 'Class');
data.addColumn('number', 'Time (ms)');
data.addRows(2);
data.setCell(0, 0, 0)
data.setCell(0, 1, 'maintest')
data.setCell(0, 2, 'Test.CreateInvoiceTest')
data.setCell(0, 3, 1);
data.setCell(1, 0, 1)
data.setCell(1, 1, 'maintest')
data.setCell(1, 2, 'Test.VerifyInvoiceTest')
data.setCell(1, 3, 1);
window.suiteTableData['BillingProjectTestCases']= { tableData: data, tableDiv: 'times-div-BillingProjectTestCases'}
return data;
}
              </script>
              <span class="suite-total-time">Total running time: 2 ms</span>
              <div id="times-div-BillingProjectTestCases">
              </div> <!-- times-div-BillingProjectTestCases -->
            </div> <!-- times-div -->
          </div> <!-- main-panel-content rounded-window-bottom -->
        </div> <!-- panel -->
        <div panel-name="reporter-BillingProjectTestCases" class="panel">
          <div class="main-panel-header rounded-window-top">
            <span class="header-content">Reporter output for BillingProjectTestCases</span>
          </div> <!-- main-panel-header rounded-window-top -->
          <div class="main-panel-content rounded-window-bottom">
          </div> <!-- main-panel-content rounded-window-bottom -->
        </div> <!-- panel -->
        <div panel-name="ignored-methods-BillingProjectTestCases" class="panel">
          <div class="main-panel-header rounded-window-top">
            <span class="header-content">0 ignored methods</span>
          </div> <!-- main-panel-header rounded-window-top -->
          <div class="main-panel-content rounded-window-bottom">
          </div> <!-- main-panel-content rounded-window-bottom -->
        </div> <!-- panel -->
        <div panel-name="chronological-BillingProjectTestCases" class="panel">
          <div class="main-panel-header rounded-window-top">
            <span class="header-content">Methods in chronological order</span>
          </div> <!-- main-panel-header rounded-window-top -->
          <div class="main-panel-content rounded-window-bottom">
            <div class="chronological-class">
              <div class="chronological-class-name">Test.VerifyInvoiceTest</div> <!-- chronological-class-name -->
              <div class="configuration-suite before">
                <span class="method-name">setUp</span>
                <span class="method-start">0 ms</span>
              </div> <!-- configuration-suite before -->
            </div> <!-- chronological-class -->
            <div class="chronological-class">
              <div class="chronological-class-name">Test.CreateInvoiceTest</div> <!-- chronological-class-name -->
              <div class="configuration-method before">
                <img src="failed.png">
                </img>
                <span class="method-name">logIn</span>
                <span class="method-start">3679 ms</span>
              </div> <!-- configuration-method before -->
              <div class="test-method">
                <span class="method-name">maintest(test jp, Due Upon Receipt, Credit card, test, PJ2208-0012, FCA, don't know what an incoterm is!, cra...)</span>
                <span class="method-start">6614 ms</span>
              </div> <!-- test-method -->
            </div> <!-- chronological-class -->
            <div class="chronological-class">
              <div class="chronological-class-name">Test.VerifyInvoiceTest</div> <!-- chronological-class-name -->
              <div class="configuration-method before">
                <img src="failed.png">
                </img>
                <span class="method-name">logIn</span>
                <span class="method-start">6703 ms</span>
              </div> <!-- configuration-method before -->
              <div class="test-method">
                <span class="method-name">maintest(test jp, Due Upon Receipt, Credit card, test, PJ2208-0012, FCA, don't know what an incoterm is!, cra...)</span>
                <span class="method-start">6725 ms</span>
              </div> <!-- test-method -->
          </div> <!-- main-panel-content rounded-window-bottom -->
        </div> <!-- panel -->
      </div> <!-- main-panel-root -->
    </div> <!-- wrapper -->
  </body>
</html>
